<?xml version="1.0" encoding="UTF-8"?>
<testsuite xmlns:xsi="http://www.w3.org/2001/XMLSchema-instance" xsi:noNamespaceSchemaLocation="https://maven.apache.org/surefire/maven-surefire-plugin/xsd/surefire-test-report-3.0.xsd" version="3.0" name="com.platinum.test.DbConnectionTest" time="0.278" tests="1" errors="0" skipped="0" failures="0">
  <properties>
[...]
</properties>
  <testcase name="testConexionBD" classname="com.platinum.test.DbConnectionTest" time="0.258">
    <system-out><![CDATA[Conexión a la BD establecida correctamente.
]]></system-out>
  </testcase>
</testsuite>