<?xml version="1.0" encoding="UTF-8"?>
<testsuite xmlns:xsi="http://www.w3.org/2001/XMLSchema-instance" xsi:noNamespaceSchemaLocation="https://maven.apache.org/surefire/maven-surefire-plugin/xsd/surefire-test-report-3.0.xsd" version="3.0" name="com.platinum.runner.RunCucumberTest" time="10.089" tests="3" errors="0" skipped="0" failures="0">
  <properties>
[...]
</properties>
  <testcase name="Ingreso con credenciales válidas" classname="Login de ejecutivos" time="3.901">
    <system-out><![CDATA[
Scenario: Ingreso con credenciales válidas               &amp#27;[90m# features/login.feature:3&amp#27;[0m
  &amp#27;[32mGiven &amp#27;[0m&amp#27;[32mel usuario abre la página de login&amp#27;[0m               &amp#27;[90m# com.platinum.steps.LoginSteps.el_usuario_abre_la_pagina_de_login()&amp#27;[0m
  &amp#27;[32mWhen &amp#27;[0m&amp#27;[32mingresa rut &amp#27;[0m&amp#27;[32m&amp#27;[1m"12345678-9"&amp#27;[0m&amp#27;[32m y departamento &amp#27;[0m&amp#27;[32m&amp#27;[1m"Ventas"&amp#27;[0m  &amp#27;[90m# com.platinum.steps.LoginSteps.ingresa_rut_y_departamento(java.lang.String,java.lang.String)&amp#27;[0m
  &amp#27;[32mThen &amp#27;[0m&amp#27;[32mdebería ver el mensaje de bienvenida &amp#27;[0m&amp#27;[32m&amp#27;[1m"Bienvenido"&amp#27;[0m &amp#27;[90m# com.platinum.steps.LoginSteps.deberia_ver_el_mensaje_de_bienvenida(java.lang.String)&amp#27;[0m
]]></system-out>
    <system-err><![CDATA[[main] INFO io.github.bonigarcia.wdm.WebDriverManager - Using chromedriver 140.0.7339.185 (resolved driver for Chrome 140)
[main] INFO io.github.bonigarcia.wdm.WebDriverManager - Exporting webdriver.chrome.driver as C:\Users\nsque\.cache\selenium\chromedriver\win64\140.0.7339.185\chromedriver.exe
sep. 20, 2025 9:19:32 P. M. org.openqa.selenium.devtools.CdpVersionFinder findNearestMatch
WARNING: Unable to find CDP implementation matching 140
sep. 20, 2025 9:19:32 P. M. org.openqa.selenium.chromium.ChromiumDriver lambda$new$5
WARNING: Unable to find version of CDP to use for 140.0.7339.128. You may need to include a dependency on a specific version of the CDP using something similar to `org.seleniumhq.selenium:selenium-devtools-v86:4.12.1` where the version ("v86") matches the version of the chromium-based browser you're using and the version number of the artifact is the same as Selenium's.
sep. 20, 2025 9:19:33 P. M. org.openqa.selenium.devtools.CdpVersionFinder findNearestMatch
WARNING: Unable to find CDP implementation matching 140
sep. 20, 2025 9:19:33 P. M. org.openqa.selenium.chromium.ChromiumDriver lambda$new$5
WARNING: Unable to find version of CDP to use for 140.0.7339.128. You may need to include a dependency on a specific version of the CDP using something similar to `org.seleniumhq.selenium:selenium-devtools-v86:4.12.1` where the version ("v86") matches the version of the chromium-based browser you're using and the version number of the artifact is the same as Selenium's.
]]></system-err>
  </testcase>
  <testcase name="Ingreso con credenciales inválidas" classname="Login de ejecutivos" time="3.322">
    <system-out><![CDATA[
Scenario: Ingreso con credenciales inválidas                    &amp#27;[90m# features/login.feature:8&amp#27;[0m
  &amp#27;[32mGiven &amp#27;[0m&amp#27;[32mel usuario abre la página de login&amp#27;[0m                      &amp#27;[90m# com.platinum.steps.LoginSteps.el_usuario_abre_la_pagina_de_login()&amp#27;[0m
  &amp#27;[32mWhen &amp#27;[0m&amp#27;[32mingresa rut &amp#27;[0m&amp#27;[32m&amp#27;[1m"00000000-0"&amp#27;[0m&amp#27;[32m y departamento &amp#27;[0m&amp#27;[32m&amp#27;[1m"Fake"&amp#27;[0m           &amp#27;[90m# com.platinum.steps.LoginSteps.ingresa_rut_y_departamento(java.lang.String,java.lang.String)&amp#27;[0m
  &amp#27;[32mThen &amp#27;[0m&amp#27;[32mdebería ver el mensaje de error &amp#27;[0m&amp#27;[32m&amp#27;[1m"Credenciales inválidas"&amp#27;[0m &amp#27;[90m# com.platinum.steps.LoginSteps.deberia_ver_el_mensaje_de_error(java.lang.String)&amp#27;[0m
]]></system-out>
    <system-err><![CDATA[[main] INFO io.github.bonigarcia.wdm.WebDriverManager - Using chromedriver 140.0.7339.185 (resolved driver for Chrome 140)
[main] INFO io.github.bonigarcia.wdm.WebDriverManager - Exporting webdriver.chrome.driver as C:\Users\nsque\.cache\selenium\chromedriver\win64\140.0.7339.185\chromedriver.exe
sep. 20, 2025 9:19:35 P. M. org.openqa.selenium.devtools.CdpVersionFinder findNearestMatch
WARNING: Unable to find CDP implementation matching 140
sep. 20, 2025 9:19:35 P. M. org.openqa.selenium.chromium.ChromiumDriver lambda$new$5
WARNING: Unable to find version of CDP to use for 140.0.7339.128. You may need to include a dependency on a specific version of the CDP using something similar to `org.seleniumhq.selenium:selenium-devtools-v86:4.12.1` where the version ("v86") matches the version of the chromium-based browser you're using and the version number of the artifact is the same as Selenium's.
sep. 20, 2025 9:19:36 P. M. org.openqa.selenium.devtools.CdpVersionFinder findNearestMatch
WARNING: Unable to find CDP implementation matching 140
sep. 20, 2025 9:19:36 P. M. org.openqa.selenium.chromium.ChromiumDriver lambda$new$5
WARNING: Unable to find version of CDP to use for 140.0.7339.128. You may need to include a dependency on a specific version of the CDP using something similar to `org.seleniumhq.selenium:selenium-devtools-v86:4.12.1` where the version ("v86") matches the version of the chromium-based browser you're using and the version number of the artifact is the same as Selenium's.
]]></system-err>
  </testcase>
  <testcase name="Registrar una transferencia exitosa" classname="Transferencias bancarias" time="2.279">
    <system-out><![CDATA[
Escenario: Registrar una transferencia exitosa          &amp#27;[90m# features/transferencia.feature:3&amp#27;[0m
  &amp#27;[32mDado &amp#27;[0m&amp#27;[32mque la cuenta con id &amp#27;[0m&amp#27;[32m&amp#27;[1m1&amp#27;[0m&amp#27;[32m tiene un saldo disponible&amp#27;[0m &amp#27;[90m# com.platinum.steps.TransferenciaSteps.que_la_cuenta_con_id_tiene_un_saldo_disponible(java.lang.Integer)&amp#27;[0m
  &amp#27;[32mCuando &amp#27;[0m&amp#27;[32mse realiza una transferencia de &amp#27;[0m&amp#27;[32m&amp#27;[1m100.0&amp#27;[0m&amp#27;[32m pesos&amp#27;[0m    &amp#27;[90m# com.platinum.steps.TransferenciaSteps.se_realiza_una_transferencia_de_pesos(java.lang.Double)&amp#27;[0m
  &amp#27;[32mEntonces &amp#27;[0m&amp#27;[32mel saldo final debe ser menor en &amp#27;[0m&amp#27;[32m&amp#27;[1m100.0&amp#27;[0m&amp#27;[32m pesos&amp#27;[0m &amp#27;[90m# com.platinum.steps.TransferenciaSteps.el_saldo_final_debe_ser_menor_en_pesos(java.lang.Double)&amp#27;[0m
]]></system-out>
    <system-err><![CDATA[[main] INFO io.github.bonigarcia.wdm.WebDriverManager - Using chromedriver 140.0.7339.185 (resolved driver for Chrome 140)
[main] INFO io.github.bonigarcia.wdm.WebDriverManager - Exporting webdriver.chrome.driver as C:\Users\nsque\.cache\selenium\chromedriver\win64\140.0.7339.185\chromedriver.exe
sep. 20, 2025 9:19:39 P. M. org.openqa.selenium.devtools.CdpVersionFinder findNearestMatch
WARNING: Unable to find CDP implementation matching 140
sep. 20, 2025 9:19:39 P. M. org.openqa.selenium.chromium.ChromiumDriver lambda$new$5
WARNING: Unable to find version of CDP to use for 140.0.7339.128. You may need to include a dependency on a specific version of the CDP using something similar to `org.seleniumhq.selenium:selenium-devtools-v86:4.12.1` where the version ("v86") matches the version of the chromium-based browser you're using and the version number of the artifact is the same as Selenium's.
sep. 20, 2025 9:19:39 P. M. org.openqa.selenium.devtools.CdpVersionFinder findNearestMatch
WARNING: Unable to find CDP implementation matching 140
sep. 20, 2025 9:19:39 P. M. org.openqa.selenium.chromium.ChromiumDriver lambda$new$5
WARNING: Unable to find version of CDP to use for 140.0.7339.128. You may need to include a dependency on a specific version of the CDP using something similar to `org.seleniumhq.selenium:selenium-devtools-v86:4.12.1` where the version ("v86") matches the version of the chromium-based browser you're using and the version number of the artifact is the same as Selenium's.
]]></system-err>
  </testcase>
</testsuite>